2024-04-17 22:06:55,244 [restartedMain] INFO  c.app.festa.WithFestaBackApplication - Starting WithFestaBackApplication using Java 17.0.10 with PID 1640 (C:\Users\3791h\Documents\workspace-spring-tool-suite-4-4.22.0.RELEASE\with-Festa-back\target\classes started by 3791h in C:\Users\3791h\Documents\workspace-spring-tool-suite-4-4.22.0.RELEASE\with-Festa-back)
2024-04-17 22:06:55,244 [restartedMain] INFO  c.app.festa.WithFestaBackApplication - No active profile set, falling back to 1 default profile: "default"
2024-04-17 22:06:55,331 [restartedMain] INFO  o.s.d.r.c.RepositoryConfigurationDelegate - Bootstrapping Spring Data JPA repositories in DEFAULT mode.
2024-04-17 22:06:55,335 [restartedMain] INFO  o.s.d.r.c.RepositoryConfigurationDelegate - Finished Spring Data repository scanning in 0 ms. Found 0 JPA repository interfaces.
2024-04-17 22:06:55,350 [restartedMain] WARN  o.m.s.mapper.ClassPathMapperScanner - No MyBatis mapper was found in '[com.app.festa]' package. Please check your configuration.
2024-04-17 22:06:55,379 [restartedMain] INFO  o.s.b.w.e.tomcat.TomcatWebServer - Tomcat initialized with port 8080 (http)
2024-04-17 22:06:55,379 [restartedMain] INFO  o.a.catalina.core.StandardService - Starting service [Tomcat]
2024-04-17 22:06:55,379 [restartedMain] INFO  o.a.catalina.core.StandardEngine - Starting Servlet engine: [Apache Tomcat/10.1.19]
2024-04-17 22:06:55,387 [restartedMain] INFO  o.a.c.c.C.[Tomcat].[localhost].[/] - Initializing Spring embedded WebApplicationContext
2024-04-17 22:06:55,387 [restartedMain] INFO  o.s.b.w.s.c.ServletWebServerApplicationContext - Root WebApplicationContext: initialization completed in 142 ms
2024-04-17 22:06:55,402 [restartedMain] INFO  com.zaxxer.hikari.HikariDataSource - HikariPool-6 - Starting...
2024-04-17 22:06:55,445 [restartedMain] INFO  com.zaxxer.hikari.pool.HikariPool - HikariPool-6 - Added connection org.postgresql.jdbc.PgConnection@2c75ee62
2024-04-17 22:06:55,446 [restartedMain] INFO  com.zaxxer.hikari.HikariDataSource - HikariPool-6 - Start completed.
2024-04-17 22:06:55,447 [restartedMain] INFO  o.h.jpa.internal.util.LogHelper - HHH000204: Processing PersistenceUnitInfo [name: default]
2024-04-17 22:06:55,448 [restartedMain] INFO  o.h.c.i.RegionFactoryInitiator - HHH000026: Second-level cache disabled
2024-04-17 22:06:55,451 [restartedMain] INFO  o.s.o.j.p.SpringPersistenceUnitInfo - No LoadTimeWeaver setup: ignoring JPA class transformer
2024-04-17 22:06:55,465 [restartedMain] INFO  o.h.e.t.j.p.i.JtaPlatformInitiator - HHH000489: No JTA platform available (set 'hibernate.transaction.jta.platform' to enable JTA platform integration)
2024-04-17 22:06:55,465 [restartedMain] INFO  o.s.o.j.LocalContainerEntityManagerFactoryBean - Initialized JPA EntityManagerFactory for persistence unit 'default'
2024-04-17 22:06:55,485 [restartedMain] WARN  o.s.b.a.o.j.JpaBaseConfiguration$JpaWebConfiguration - spring.jpa.open-in-view is enabled by default. Therefore, database queries may be performed during view rendering. Explicitly configure spring.jpa.open-in-view to disable this warning
2024-04-17 22:06:55,541 [restartedMain] INFO  o.s.b.d.a.OptionalLiveReloadServer - LiveReload server is running on port 35729
2024-04-17 22:06:55,547 [restartedMain] INFO  o.s.b.w.e.tomcat.TomcatWebServer - Tomcat started on port 8080 (http) with context path ''
2024-04-17 22:06:55,550 [restartedMain] INFO  c.app.festa.WithFestaBackApplication - Started WithFestaBackApplication in 0.332 seconds (process running for 1199.148)
2024-04-17 22:06:55,551 [restartedMain] INFO  o.s.b.d.a.ConditionEvaluationDeltaLoggingListener - Condition evaluation unchanged
2024-04-17 22:07:09,265 [File Watcher] INFO  o.s.b.d.a.LocalDevToolsAutoConfiguration$RestartingClassPathChangeChangedEventListener - Restarting due to 1 class path change (0 additions, 0 deletions, 1 modification)
2024-04-17 22:07:09,284 [Thread-27] INFO  o.s.o.j.LocalContainerEntityManagerFactoryBean - Closing JPA EntityManagerFactory for persistence unit 'default'
2024-04-17 22:07:09,285 [Thread-27] INFO  com.zaxxer.hikari.HikariDataSource - HikariPool-6 - Shutdown initiated...
2024-04-17 22:07:09,288 [Thread-27] INFO  com.zaxxer.hikari.HikariDataSource - HikariPool-6 - Shutdown completed.
